0 info it worked if it ends with ok
1 verbose cli [ '/usr/bin/node', '/usr/bin/npm', 'start' ]
2 info using npm@3.5.2
3 info using node@v8.10.0
4 verbose run-script [ 'prestart', 'start', 'poststart' ]
5 info lifecycle DFActions@0.0.1~prestart: DFActions@0.0.1
6 silly lifecycle DFActions@0.0.1~prestart: no script for prestart, continuing
7 info lifecycle DFActions@0.0.1~start: DFActions@0.0.1
8 verbose lifecycle DFActions@0.0.1~start: unsafe-perm in lifecycle true
9 verbose lifecycle DFActions@0.0.1~start: PATH: /usr/share/npm/bin/node-gyp-bin:/mnt/g/Proyectos/ISW/Electron/node_modules/.bin:/usr/local/sbin:/usr/local/bin:/usr/sbin:/usr/bin:/sbin:/bin:/usr/games:/usr/local/games:/mnt/c/Windows/System32:/mnt/c/Windows:/mnt/c/Windows/System32/wbem:/mnt/c/Windows/System32/WindowsPowerShell/v1.0:/mnt/c/Program Files (x86)/NVIDIA Corporation/PhysX/Common:/mnt/c/Program Files/MySQL/MySQL Utilities 1.6:/mnt/c/Program Files/dotnet:/mnt/c/Program Files/Microsoft SQL Server/130/Tools/Binn:/mnt/c/Program Files/Git/cmd:/mnt/c/Program Files (x86)/Windows Live/Shared:/mnt/g/Programas/Instalados/Node:/mnt/c/Windows/System32:/mnt/c/Windows:/mnt/c/Windows/System32/wbem:/mnt/c/Windows/System32/WindowsPowerShell/v1.0:/mnt/c/Windows/System32/OpenSSH:/mnt/c/Users/Freensh/AppData/Local/Microsoft/WindowsApps:/mnt/c/Users/Freensh/AppData/Roaming/npm:/snap/bin
10 verbose lifecycle DFActions@0.0.1~start: CWD: /mnt/g/Proyectos/ISW/Electron
11 silly lifecycle DFActions@0.0.1~start: Args: [ '-c', 'electron .' ]
12 silly lifecycle DFActions@0.0.1~start: Returned: code: 1  signal: null
13 info lifecycle DFActions@0.0.1~start: Failed to exec start script
14 verbose stack Error: DFActions@0.0.1 start: `electron .`
14 verbose stack Exit status 1
14 verbose stack     at EventEmitter.<anonymous> (/usr/share/npm/lib/utils/lifecycle.js:232:16)
14 verbose stack     at emitTwo (events.js:126:13)
14 verbose stack     at EventEmitter.emit (events.js:214:7)
14 verbose stack     at ChildProcess.<anonymous> (/usr/share/npm/lib/utils/spawn.js:24:14)
14 verbose stack     at emitTwo (events.js:126:13)
14 verbose stack     at ChildProcess.emit (events.js:214:7)
14 verbose stack     at maybeClose (internal/child_process.js:925:16)
14 verbose stack     at Process.ChildProcess._handle.onexit (internal/child_process.js:209:5)
15 verbose pkgid DFActions@0.0.1
16 verbose cwd /mnt/g/Proyectos/ISW/Electron
17 error Linux 4.4.0-17134-Microsoft
18 error argv "/usr/bin/node" "/usr/bin/npm" "start"
19 error node v8.10.0
20 error npm  v3.5.2
21 error code ELIFECYCLE
22 error DFActions@0.0.1 start: `electron .`
22 error Exit status 1
23 error Failed at the DFActions@0.0.1 start script 'electron .'.
23 error Make sure you have the latest version of node.js and npm installed.
23 error If you do, this is most likely a problem with the DFActions package,
23 error not with npm itself.
23 error Tell the author that this fails on your system:
23 error     electron .
23 error You can get information on how to open an issue for this project with:
23 error     npm bugs DFActions
23 error Or if that isn't available, you can get their info via:
23 error     npm owner ls DFActions
23 error There is likely additional logging output above.
24 verbose exit [ 1, true ]
